[[1;34mINFO[m] Scanning for projects...
[[1;34mINFO[m] 
[[1;34mINFO[m] [1m-----------------------< [0;36mcom.example:schollink[0;1m >------------------------[m
[[1;34mINFO[m] [1mBuilding schollink 0.0.1-SNAPSHOT[m
[[1;34mINFO[m] [1m--------------------------------[ jar ]---------------------------------[m
[[1;34mINFO[m] 
[[1;34mINFO[m] [1m>>> [0;32mspring-boot-maven-plugin:3.5.6:run[m [1m(default-cli)[0;1m > [0;1mtest-compile[m @ [36mschollink[0;1m >>>[m
[[1;34mINFO[m] 
[[1;34mINFO[m] [1m--- [0;32mmaven-resources-plugin:3.3.1:resources[m [1m(default-resources)[m @ [36mschollink[0;1m ---[m
[[1;34mINFO[m] Copying 1 resource from src/main/resources to target/classes
[[1;34mINFO[m] Copying 0 resource from src/main/resources to target/classes
[[1;34mINFO[m] 
[[1;34mINFO[m] [1m--- [0;32mmaven-compiler-plugin:3.14.0:compile[m [1m(default-compile)[m @ [36mschollink[0;1m ---[m
[[1;34mINFO[m] Nothing to compile - all classes are up to date.
[[1;34mINFO[m] 
[[1;34mINFO[m] [1m--- [0;32mmaven-resources-plugin:3.3.1:testResources[m [1m(default-testResources)[m @ [36mschollink[0;1m ---[m
[[1;34mINFO[m] skip non existing resourceDirectory /home/diogo/Acelera/schoollink_backend/src/test/resources
[[1;34mINFO[m] 
[[1;34mINFO[m] [1m--- [0;32mmaven-compiler-plugin:3.14.0:testCompile[m [1m(default-testCompile)[m @ [36mschollink[0;1m ---[m
[[1;34mINFO[m] Nothing to compile - all classes are up to date.
[[1;34mINFO[m] 
[[1;34mINFO[m] [1m<<< [0;32mspring-boot-maven-plugin:3.5.6:run[m [1m(default-cli)[0;1m < [0;1mtest-compile[m @ [36mschollink[0;1m <<<[m
[[1;34mINFO[m] 
[[1;34mINFO[m] 
[[1;34mINFO[m] [1m--- [0;32mspring-boot-maven-plugin:3.5.6:run[m [1m(default-cli)[m @ [36mschollink[0;1m ---[m
[[1;34mINFO[m] Attaching agents: []

  .   ____          _            __ _ _
 /\\ / ___'_ __ _ _(_)_ __  __ _ \ \ \ \
( ( )\___ | '_ | '_| | '_ \/ _` | \ \ \ \
 \\/  ___)| |_)| | | | | || (_| |  ) ) ) )
  '  |____| .__|_| |_|_| |_\__, | / / / /
 =========|_|==============|___/=/_/_/_/

[32m :: Spring Boot :: [39m              [2m (v3.5.6)[0;39m

[2m2025-10-14T09:03:18.572-03:00[0;39m [32m INFO[0;39m [35m6297[0;39m [2m--- [schollink] [           main] [0;39m[36mc.e.schollink.SchollinkApplication      [0;39m [2m:[0;39m Starting SchollinkApplication using Java 21.0.8 with PID 6297 (/home/diogo/Acelera/schoollink_backend/target/classes started by diogo in /home/diogo/Acelera/schoollink_backend)
[2m2025-10-14T09:03:18.576-03:00[0;39m [32m INFO[0;39m [35m6297[0;39m [2m--- [schollink] [           main] [0;39m[36mc.e.schollink.SchollinkApplication      [0;39m [2m:[0;39m No active profile set, falling back to 1 default profile: "default"
[2m2025-10-14T09:03:19.484-03:00[0;39m [32m INFO[0;39m [35m6297[0;39m [2m--- [schollink] [           main] [0;39m[36m.s.d.r.c.RepositoryConfigurationDelegate[0;39m [2m:[0;39m Bootstrapping Spring Data JPA repositories in DEFAULT mode.
[2m2025-10-14T09:03:19.557-03:00[0;39m [32m INFO[0;39m [35m6297[0;39m [2m--- [schollink] [           main] [0;39m[36m.s.d.r.c.RepositoryConfigurationDelegate[0;39m [2m:[0;39m Finished Spring Data repository scanning in 61 ms. Found 2 JPA repository interfaces.
[2m2025-10-14T09:03:20.191-03:00[0;39m [32m INFO[0;39m [35m6297[0;39m [2m--- [schollink] [           main] [0;39m[36mo.s.b.w.embedded.tomcat.TomcatWebServer [0;39m [2m:[0;39m Tomcat initialized with port 8080 (http)
[2m2025-10-14T09:03:20.211-03:00[0;39m [32m INFO[0;39m [35m6297[0;39m [2m--- [schollink] [           main] [0;39m[36mo.apache.catalina.core.StandardService  [0;39m [2m:[0;39m Starting service [Tomcat]
[2m2025-10-14T09:03:20.211-03:00[0;39m [32m INFO[0;39m [35m6297[0;39m [2m--- [schollink] [           main] [0;39m[36mo.apache.catalina.core.StandardEngine   [0;39m [2m:[0;39m Starting Servlet engine: [Apache Tomcat/10.1.46]
[2m2025-10-14T09:03:20.273-03:00[0;39m [32m INFO[0;39m [35m6297[0;39m [2m--- [schollink] [           main] [0;39m[36mo.a.c.c.C.[Tomcat].[localhost].[/]      [0;39m [2m:[0;39m Initializing Spring embedded WebApplicationContext
[2m2025-10-14T09:03:20.274-03:00[0;39m [32m INFO[0;39m [35m6297[0;39m [2m--- [schollink] [           main] [0;39m[36mw.s.c.ServletWebServerApplicationContext[0;39m [2m:[0;39m Root WebApplicationContext: initialization completed in 1631 ms
[2m2025-10-14T09:03:20.500-03:00[0;39m [32m INFO[0;39m [35m6297[0;39m [2m--- [schollink] [           main] [0;39m[36mo.hibernate.jpa.internal.util.LogHelper [0;39m [2m:[0;39m HHH000204: Processing PersistenceUnitInfo [name: default]
[2m2025-10-14T09:03:20.547-03:00[0;39m [32m INFO[0;39m [35m6297[0;39m [2m--- [schollink] [           main] [0;39m[36morg.hibernate.Version                   [0;39m [2m:[0;39m HHH000412: Hibernate ORM core version 6.6.29.Final
[2m2025-10-14T09:03:20.579-03:00[0;39m [32m INFO[0;39m [35m6297[0;39m [2m--- [schollink] [           main] [0;39m[36mo.h.c.internal.RegionFactoryInitiator   [0;39m [2m:[0;39m HHH000026: Second-level cache disabled
[2m2025-10-14T09:03:20.868-03:00[0;39m [32m INFO[0;39m [35m6297[0;39m [2m--- [schollink] [           main] [0;39m[36mo.s.o.j.p.SpringPersistenceUnitInfo     [0;39m [2m:[0;39m No LoadTimeWeaver setup: ignoring JPA class transformer
[2m2025-10-14T09:03:20.905-03:00[0;39m [32m INFO[0;39m [35m6297[0;39m [2m--- [schollink] [           main] [0;39m[36mcom.zaxxer.hikari.HikariDataSource      [0;39m [2m:[0;39m HikariPool-1 - Starting...
[2m2025-10-14T09:03:21.355-03:00[0;39m [32m INFO[0;39m [35m6297[0;39m [2m--- [schollink] [           main] [0;39m[36mcom.zaxxer.hikari.pool.HikariPool       [0;39m [2m:[0;39m HikariPool-1 - Added connection com.mysql.cj.jdbc.ConnectionImpl@7fac18dc
[2m2025-10-14T09:03:21.357-03:00[0;39m [32m INFO[0;39m [35m6297[0;39m [2m--- [schollink] [           main] [0;39m[36mcom.zaxxer.hikari.HikariDataSource      [0;39m [2m:[0;39m HikariPool-1 - Start completed.
[2m2025-10-14T09:03:21.407-03:00[0;39m [33m WARN[0;39m [35m6297[0;39m [2m--- [schollink] [           main] [0;39m[36morg.hibernate.orm.deprecation           [0;39m [2m:[0;39m HHH90000025: MySQL8Dialect does not need to be specified explicitly using 'hibernate.dialect' (remove the property setting and it will be selected by default)
[2m2025-10-14T09:03:21.408-03:00[0;39m [33m WARN[0;39m [35m6297[0;39m [2m--- [schollink] [           main] [0;39m[36morg.hibernate.orm.deprecation           [0;39m [2m:[0;39m HHH90000026: MySQL8Dialect has been deprecated; use org.hibernate.dialect.MySQLDialect instead
[2m2025-10-14T09:03:21.427-03:00[0;39m [32m INFO[0;39m [35m6297[0;39m [2m--- [schollink] [           main] [0;39m[36morg.hibernate.orm.connections.pooling   [0;39m [2m:[0;39m HHH10001005: Database info:
	Database JDBC URL [Connecting through datasource 'HikariDataSource (HikariPool-1)']
	Database driver: undefined/unknown
	Database version: 8.0
	Autocommit mode: undefined/unknown
	Isolation level: undefined/unknown
	Minimum pool size: undefined/unknown
	Maximum pool size: undefined/unknown
[2m2025-10-14T09:03:22.750-03:00[0;39m [32m INFO[0;39m [35m6297[0;39m [2m--- [schollink] [           main] [0;39m[36mo.h.e.t.j.p.i.JtaPlatformInitiator      [0;39m [2m:[0;39m HHH000489: No JTA platform available (set 'hibernate.transaction.jta.platform' to enable JTA platform integration)
[2m2025-10-14T09:03:22.940-03:00[0;39m [32m INFO[0;39m [35m6297[0;39m [2m--- [schollink] [           main] [0;39m[36mj.LocalContainerEntityManagerFactoryBean[0;39m [2m:[0;39m Initialized JPA EntityManagerFactory for persistence unit 'default'
[2m2025-10-14T09:03:23.418-03:00[0;39m [33m WARN[0;39m [35m6297[0;39m [2m--- [schollink] [           main] [0;39m[36mJpaBaseConfiguration$JpaWebConfiguration[0;39m [2m:[0;39m spring.jpa.open-in-view is enabled by default. Therefore, database queries may be performed during view rendering. Explicitly configure spring.jpa.open-in-view to disable this warning
[2m2025-10-14T09:03:23.894-03:00[0;39m [32m INFO[0;39m [35m6297[0;39m [2m--- [schollink] [           main] [0;39m[36mo.s.b.w.embedded.tomcat.TomcatWebServer [0;39m [2m:[0;39m Tomcat started on port 8080 (http) with context path '/'
[2m2025-10-14T09:03:23.907-03:00[0;39m [32m INFO[0;39m [35m6297[0;39m [2m--- [schollink] [           main] [0;39m[36mc.e.schollink.SchollinkApplication      [0;39m [2m:[0;39m Started SchollinkApplication in 5.966 seconds (process running for 6.374)
[2m2025-10-14T09:13:27.660-03:00[0;39m [32m INFO[0;39m [35m6297[0;39m [2m--- [schollink] [nio-8080-exec-1] [0;39m[36mo.a.c.c.C.[Tomcat].[localhost].[/]      [0;39m [2m:[0;39m Initializing Spring DispatcherServlet 'dispatcherServlet'
[2m2025-10-14T09:13:27.661-03:00[0;39m [32m INFO[0;39m [35m6297[0;39m [2m--- [schollink] [nio-8080-exec-1] [0;39m[36mo.s.web.servlet.DispatcherServlet       [0;39m [2m:[0;39m Initializing Servlet 'dispatcherServlet'
[2m2025-10-14T09:13:27.664-03:00[0;39m [32m INFO[0;39m [35m6297[0;39m [2m--- [schollink] [nio-8080-exec-1] [0;39m[36mo.s.web.servlet.DispatcherServlet       [0;39m [2m:[0;39m Completed initialization in 3 ms
[2m2025-10-14T09:19:32.049-03:00[0;39m [33m WARN[0;39m [35m6297[0;39m [2m--- [schollink] [nio-8080-exec-2] [0;39m[36m.w.s.m.s.DefaultHandlerExceptionResolver[0;39m [2m:[0;39m Resolved [org.springframework.web.HttpRequestMethodNotSupportedException: Request method 'GET' is not supported]
[2m2025-10-14T09:20:57.361-03:00[0;39m [33m WARN[0;39m [35m6297[0;39m [2m--- [schollink] [nio-8080-exec-4] [0;39m[36m.w.s.m.s.DefaultHandlerExceptionResolver[0;39m [2m:[0;39m Resolved [org.springframework.http.converter.HttpMessageNotReadableException: Required request body is missing: public org.springframework.http.ResponseEntity<java.util.Map<java.lang.String, java.lang.String>> com.example.schollink.controller.AlunoController.CadastrarAluno(com.example.schollink.Dto.AlunoDto)]
[2m2025-10-14T09:23:07.710-03:00[0;39m [33m WARN[0;39m [35m6297[0;39m [2m--- [schollink] [nio-8080-exec-6] [0;39m[36m.w.s.m.s.DefaultHandlerExceptionResolver[0;39m [2m:[0;39m Resolved [org.springframework.http.converter.HttpMessageNotReadableException: Required request body is missing: public org.springframework.http.ResponseEntity<java.util.Map<java.lang.String, java.lang.String>> com.example.schollink.controller.AlunoController.CadastrarAluno(com.example.schollink.Dto.AlunoDto)]
Hibernate: insert into user (cpf,data_nascimento,email,id_endereco,genero,hash,nome,salt,telefone,user_role) values (?,?,?,?,?,?,?,?,?,?)
Hibernate: insert into aluno (data_ingresso,data_matricula,id_endereco,id_filiacao,matricula,status_matricula,telefone_responsavel,id_turma,id_user) values (?,?,?,?,?,?,?,?,?)
[2m2025-10-14T09:24:47.056-03:00[0;39m [33m WARN[0;39m [35m6297[0;39m [2m--- [schollink] [nio-8080-exec-9] [0;39m[36m.w.s.m.s.DefaultHandlerExceptionResolver[0;39m [2m:[0;39m Resolved [org.springframework.web.HttpRequestMethodNotSupportedException: Request method 'GET' is not supported]
Hibernate: select u1_0.id,u1_0.cpf,u1_0.data_nascimento,u1_0.email,u1_0.id_endereco,u1_0.genero,u1_0.hash,u1_0.nome,u1_0.salt,u1_0.telefone,u1_0.user_role from user u1_0 where u1_0.email=?
Hibernate: select u1_0.id,u1_0.cpf,u1_0.data_nascimento,u1_0.email,u1_0.id_endereco,u1_0.genero,u1_0.hash,u1_0.nome,u1_0.salt,u1_0.telefone,u1_0.user_role from user u1_0 where u1_0.email=?
